2025-10-29 19:11:00,721 INFO Inicio del examen
2025-10-29 19:11:00,836 INFO Screenshot before exitosa
2025-10-29 19:11:07,309 INFO Screenshot during exitosa
2025-10-29 19:11:12,509 INFO Screenshot after exitosa
2025-10-29 19:11:12,509 INFO Fin del examen
2025-10-29 19:15:32,698 INFO Inicio del examen
2025-10-29 19:15:32,853 INFO Screenshot before exitosa
2025-10-29 19:15:39,285 INFO Screenshot during exitosa
2025-10-29 19:15:44,425 INFO Screenshot after exitosa
2025-10-29 19:15:44,426 INFO Fin del examen
2025-10-29 19:16:41,511 INFO Inicio del examen
2025-10-29 19:16:41,618 INFO Screenshot before exitosa
2025-10-29 19:16:42,042 ERROR Unable to run msedge: Command '['C:\\Windows\\System32\\WindowsPowerShell\\v1.0\\powershell.exe', '-Command', 'Stop-Process -Name "msedge" -Force ; Start-Sleep -Seconds 1 ; Start-Process "msedge" -ArgumentList @("https://forms.office.com/pages/responsepage.aspx\\?id=EZDKymp73kSGHwlaLKiDt4wXC_YfIWlGrUcWrbkA4-NURjFZQjdBMkJNSlkwQkVCM0c2V0cyWTVHNSQlQCNjPTEu&classId=31f16070-5361-4de8-9624-98f60a6f24ae&assignmentId=c865c317-1511-4faa-8a46-565ecf1dd392&submissionId=d6e96aee-73d5-bc05-1769-7e7db0c29f9d&route=shorturl", "--new-window", "--start-fullscreen")']' returned non-zero exit status 1.
Traceback (most recent call last):
  File "main.py", line 30, in main
  File "invoke_msedge.py", line 9, in invoke_msedge
  File "subprocess.py", line 524, in run
subprocess.CalledProcessError: Command '['C:\\Windows\\System32\\WindowsPowerShell\\v1.0\\powershell.exe', '-Command', 'Stop-Process -Name "msedge" -Force ; Start-Sleep -Seconds 1 ; Start-Process "msedge" -ArgumentList @("https://forms.office.com/pages/responsepage.aspx\\?id=EZDKymp73kSGHwlaLKiDt4wXC_YfIWlGrUcWrbkA4-NURjFZQjdBMkJNSlkwQkVCM0c2V0cyWTVHNSQlQCNjPTEu&classId=31f16070-5361-4de8-9624-98f60a6f24ae&assignmentId=c865c317-1511-4faa-8a46-565ecf1dd392&submissionId=d6e96aee-73d5-bc05-1769-7e7db0c29f9d&route=shorturl", "--new-window", "--start-fullscreen")']' returned non-zero exit status 1.
2025-10-29 19:16:46,247 INFO Screenshot during exitosa
2025-10-29 19:16:51,390 INFO Screenshot after exitosa
2025-10-29 19:16:51,390 INFO Fin del examen
2025-10-29 19:24:18,924 INFO Inicio del examen
2025-10-29 19:24:19,036 INFO Screenshot before exitosa
2025-10-29 19:24:25,015 INFO Screenshot during exitosa
2025-10-29 19:24:30,222 INFO Screenshot after exitosa
2025-10-29 19:24:30,223 INFO Fin del examen
